This is pdfTeX, Version 3.1415926-2.5-1.40.14 (TeX Live 2013) (format=pdflatex 2013.5.30)  2 APR 2015 22:42
entering extended mode
 restricted \write18 enabled.
 %&-line parsing enabled.
**lesson.tex
(./lesson.tex
LaTeX2e <2011/06/27>
Babel <3.9f> and hyphenation patterns for 78 languages loaded.
(/usr/local/texlive/2013/texmf-dist/tex/latex/memoir/memoir.cls
Document Class: memoir 2013/05/22 v3.7 configurable book, report, article docum
ent class
\onelineskip=\skip41
\lxvchars=\skip42
\xlvchars=\skip43
\@memcnta=\count79
\c@@memmarkcntra=\count80
(/usr/local/texlive/2013/texmf-dist/tex/generic/oberdiek/ifpdf.sty
Package: ifpdf 2011/01/30 v2.3 Provides the ifpdf switch (HO)
Package ifpdf Info: pdfTeX in PDF mode is detected.
)
(/usr/local/texlive/2013/texmf-dist/tex/latex/ifetex/ifetex.sty
Package: ifetex 2011/12/15 v1.2 ifetex

(/usr/local/texlive/2013/texmf-dist/tex/plain/ifetex/ifetex.tex))
(/usr/local/texlive/2013/texmf-dist/tex/generic/ifxetex/ifxetex.sty
Package: ifxetex 2010/09/12 v0.6 Provides ifxetex conditional
)
(/usr/local/texlive/2013/texmf-dist/tex/generic/oberdiek/ifluatex.sty
Package: ifluatex 2010/03/01 v1.3 Provides the ifluatex switch (HO)
Package ifluatex Info: LuaTeX not detected.
)
\stockheight=\skip44
\stockwidth=\skip45
\trimtop=\skip46
\trimedge=\skip47

(/usr/local/texlive/2013/texmf-dist/tex/latex/etex-pkg/etex.sty
Package: etex 1998/03/26 v2.0 eTeX basic definition package (PEB)
\et@xins=\count81
)
(/usr/local/texlive/2013/texmf-dist/tex/latex/memoir/mem12.clo
File: mem12.clo 2010/10/19 v0.4b memoir class 12pt size option
)
\binding=\skip48
\spinemargin=\skip49
\foremargin=\skip50
\uppermargin=\skip51
\lowermargin=\skip52
\headdrop=\skip53
\normalrulethickness=\skip54
\mem@maxheadheight=\skip55
\mem@maxfootheight=\skip56
\headwidth=\skip57
\c@storedpagenumber=\count82
\memPD=\dimen102
\m@mabparskip=\skip58
\thanksmarkwidth=\skip59
\thanksmarksep=\skip60
\droptitle=\skip61
\c@book=\count83
\c@part=\count84
\c@chapter=\count85
\c@section=\count86
\c@subsection=\count87
\c@subsubsection=\count88
\c@paragraph=\count89
\c@subparagraph=\count90
\beforechapskip=\skip62
\midchapskip=\skip63
\afterchapskip=\skip64
\chapindent=\skip65
\bottomsectionskip=\skip66
\secindent=\skip67
\beforesecskip=\skip68
\aftersecskip=\skip69
\subsecindent=\skip70
\beforesubsecskip=\skip71
\aftersubsecskip=\skip72
\subsubsecindent=\skip73
\beforesubsubsecskip=\skip74
\aftersubsubsecskip=\skip75
\paraindent=\skip76
\beforeparaskip=\skip77
\afterparaskip=\skip78
\subparaindent=\skip79
\beforesubparaskip=\skip80
\aftersubparaskip=\skip81
\pfbreakskip=\skip82
\c@@ppsavesec=\count91
\c@@ppsaveapp=\count92
\ragrparindent=\dimen103
\everylistparindent=\dimen104
\parsepi=\skip83
\topsepi=\skip84
\itemsepi=\skip85
\parsepii=\skip86
\topsepii=\skip87
\topsepiii=\skip88
\itemsepii=\skip89
\itemsepiii=\skip90
\partopsepii=\skip91
\partopsepiii=\skip92
\m@msavetopsep=\skip93
\m@msavepartopsep=\skip94
\@enLab=\toks14
\abstitleskip=\skip95
\absleftindent=\skip96
\abs@leftindent=\dimen105
\absrightindent=\skip97
\absparindent=\skip98
\absparsep=\skip99
\c@vslineno=\count93
\c@poemline=\count94
\c@modulo@vs=\count95
\c@memfvsline=\count96
\vleftskip=\skip100
\vrightskip=\skip101
\stanzaskip=\skip102
\versewidth=\skip103
\vgap=\skip104
\vindent=\skip105
\vleftmargin=\dimen106
\c@verse=\count97
\c@chrsinstr=\count98
\beforepoemtitleskip=\skip106
\afterpoemtitleskip=\skip107
\c@poem=\count99
\beforePoemTitleskip=\skip108
\midPoemTitleskip=\skip109
\afterPoemTitleskip=\skip110
\col@sep=\dimen107
\extrarowheight=\dimen108
\NC@list=\toks15
\extratabsurround=\skip111
\backup@length=\skip112
\TX@col@width=\dimen109
\TX@old@table=\dimen110
\TX@old@col=\dimen111
\TX@target=\dimen112
\TX@delta=\dimen113
\TX@cols=\count100
\TX@ftn=\toks16
\heavyrulewidth=\dimen114
\lightrulewidth=\dimen115
\cmidrulewidth=\dimen116
\belowrulesep=\dimen117
\belowbottomsep=\dimen118
\aboverulesep=\dimen119
\abovetopsep=\dimen120
\cmidrulesep=\dimen121
\cmidrulekern=\dimen122
\defaultaddspace=\dimen123
\@cmidla=\count101
\@cmidlb=\count102
\@aboverulesep=\dimen124
\@belowrulesep=\dimen125
\@thisruleclass=\count103
\@lastruleclass=\count104
\@thisrulewidth=\dimen126
\ctableftskip=\skip113
\ctabrightskip=\skip114
\abovecolumnspenalty=\count105
\@linestogo=\count106
\@cellstogo=\count107
\@cellsincolumn=\count108
\crtok=\toks17
\@mincolumnwidth=\dimen127
\c@newflo@tctr=\count109
\mem@margin@floatbox=\box26
\@contcwidth=\skip115
\@contindw=\skip116
\abovecaptionskip=\skip117
\belowcaptionskip=\skip118
\subfloattopskip=\skip119
\subfloatcapskip=\skip120
\subfloatcaptopadj=\skip121
\subfloatbottomskip=\skip122
\subfloatlabelskip=\skip123
\subfloatcapmargin=\dimen128
\c@@contsubnum=\count110
\m@mscap@capbox=\box27
\m@mscap@fbox=\box28
\sidecapsep=\dimen129
\sidecapwidth=\dimen130
\m@m@tempdima=\dimen131
\m@mscapraise=\dimen132
\sidecapraise=\dimen133
\m@mscapmainwidth=\dimen134
\m@mscaplkern=\dimen135
\beforeepigraphskip=\skip124
\afterepigraphskip=\skip125
\epigraphwidth=\skip126
\epigraphrule=\skip127
LaTeX Info: Redefining \em on input line 7491.
LaTeX Info: Redefining \emph on input line 7499.
\tocentryskip=\skip128
\tocbaseline=\skip129
\cftparskip=\skip130
\cftbeforebookskip=\skip131
\cftbookindent=\dimen136
\cftbooknumwidth=\dimen137
\cftbeforepartskip=\skip132
\cftpartindent=\skip133
\cftpartnumwidth=\skip134
\cftbeforechapterskip=\skip135
\cftchapterindent=\skip136
\cftchapternumwidth=\skip137
\cftbeforesectionskip=\skip138
\cftsectionindent=\skip139
\cftsectionnumwidth=\skip140
\cftbeforesubsectionskip=\skip141
\cftsubsectionindent=\skip142
\cftsubsectionnumwidth=\skip143
\cftbeforesubsubsectionskip=\skip144
\cftsubsubsectionindent=\skip145
\cftsubsubsectionnumwidth=\skip146
\cftbeforeparagraphskip=\skip147
\cftparagraphindent=\skip148
\cftparagraphnumwidth=\skip149
\cftbeforesubparagraphskip=\skip150
\cftsubparagraphindent=\skip151
\cftsubparagraphnumwidth=\skip152
\prechapterprecisshift=\dimen138
\c@maxsecnumdepth=\count111
\bibindent=\dimen139
\bibitemsep=\skip153
\indexcolsep=\skip154
\indexrule=\skip155
\indexmarkstyle=\toks18
\@indexbox=\insert233
\glossarycolsep=\dimen140
\glossaryrule=\dimen141
\sideparvshift=\skip156
\sideins=\insert232
\sidebartopsep=\skip157
\sidebarhsep=\skip158
\sidebarvsep=\skip159
\sidebarwidth=\skip160
\footmarkwidth=\skip161
\footmarksep=\skip162
\footparindent=\skip163
\footinsdim=\skip164
\footinsv@r=\insert231
\@mpfootinsv@r=\insert230
\m@m@k=\count112
\m@m@h=\dimen142
\m@mipn@skip=\skip165
\sidefootins=\insert229
\sidefootadjust=\skip166
\sidefootheight=\skip167
\sidefoothsep=\skip168
\sidefootvsep=\skip169
\sidefootwidth=\skip170
\m@mdownsf=\skip171
\c@sidefootnote=\count113
\sidefootmarkwidth=\skip172
\sidefootmarksep=\skip173
\sidefootparindent=\skip174
\c@pagenote=\count114
\c@pagenoteshadow=\count115
\mem@pn@lastkern=\skip175
\every@verbatim=\toks19
\afterevery@verbatim=\toks20
\verbatim@line=\toks21
\tab@position=\count116
\verbatim@in@stream=\read1
\verbatimindent=\skip176
\verbatim@out=\write3
\bvboxsep=\skip177
\c@memfbvline=\count117
\c@bvlinectr=\count118
\bvnumlength=\skip178
\fb@frw=\dimen143
\fb@frh=\dimen144
\FrameRule=\dimen145
\FrameSep=\dimen146
\c@cp@cntr=\count119
LaTeX Info: Redefining \: on input line 11957.
LaTeX Info: Redefining \! on input line 11959.
\c@ism@mctr=\count120
\c@xsm@mctr=\count121
\c@csm@mctr=\count122
\c@ksm@mctr=\count123
\c@xksm@mctr=\count124
\c@cksm@mctr=\count125
\c@msm@mctr=\count126
\c@xmsm@mctr=\count127
\c@cmsm@mctr=\count128
\c@bsm@mctr=\count129
\c@workm@mctr=\count130
\c@sheetsequence=\count131
\c@lastsheet=\count132
\c@lastpage=\count133
\c@figure=\count134
\c@lofdepth=\count135
\cftbeforefigureskip=\skip179
\cftfigureindent=\skip180
\cftfigurenumwidth=\skip181
\c@table=\count136
\c@lotdepth=\count137
\cftbeforetableskip=\skip182
\cfttableindent=\skip183
\cfttablenumwidth=\skip184
Package abstract [2008/07/23] emulated by memoir.
Package appendix [2008/07/23] emulated by memoir.
Package array [2008/09/09] emulated by memoir.
Package booktabs [2008/07/23] emulated by memoir.
Package ccaption [2008/07/23] emulated by memoir.
Package changepage [2008/07/23] emulated by memoir.
Package chngcntr [2008/07/23] emulated by memoir.
Package chngpage [2008/07/23] emulated by memoir.
Package crop emulated by memoir.
Package dcolumn [2008/07/23] emulated by memoir.
Package delarray [2008/07/23] emulated by memoir.
Package enumerate [2008/07/23] emulated by memoir.
Package epigraph [2008/07/23] emulated by memoir.
Package ifmtarg [2008/07/23] emulated by memoir.
Package index [2008/07/23] emulated by memoir.
Package makeidx [2008/07/23] emulated by memoir.
Package moreverb [2008/07/23] emulated by memoir.
Package mparhack [2008/07/23] emulated by memoir.
Package needspace [2008/07/23] emulated by memoir.
Package newfile [2008/07/23] emulated by memoir.
Package nextpage [2008/07/23] emulated by memoir.
Package pagenote [2008/07/23] emulated by memoir.
Package parskip [2008/07/23] emulated by memoir.
Package patchcmd [2008/07/23] emulated by memoir.
Package setspace [2008/07/23] emulated by memoir.
Package shortvrb [2008/07/23] emulated by memoir.
Package showidx [2008/07/23] emulated by memoir.
Package tabularx [2008/07/23] emulated by memoir.
Package titleref [2008/07/23] emulated by memoir.
Package titling [2008/07/23] emulated by memoir.
Package tocbibind [2008/07/23] emulated by memoir.
Package tocloft [2008/07/23] emulated by memoir.
Package tocvsec2 [2008/07/23] emulated by memoir.
Package verbatim [2008/07/23] emulated by memoir.
Package verse [2008/07/23] emulated by memoir.

(/usr/local/texlive/2013/texmf-dist/tex/latex/memoir/mempatch.sty
Package: mempatch 2009/07/24 v6.0f Patches for memoir class v1.6180339
))
(/usr/local/texlive/2013/texmf-dist/tex/latex/graphics/color.sty
Package: color 2005/11/14 v1.0j Standard LaTeX Color (DPC)

(/usr/local/texlive/2013/texmf-dist/tex/latex/latexconfig/color.cfg
File: color.cfg 2007/01/18 v1.5 color configuration of teTeX/TeXLive
)
Package color Info: Driver file: pdftex.def on input line 130.

(/usr/local/texlive/2013/texmf-dist/tex/latex/pdftex-def/pdftex.def
File: pdftex.def 2011/05/27 v0.06d Graphics/color for pdfTeX

(/usr/local/texlive/2013/texmf-dist/tex/generic/oberdiek/infwarerr.sty
Package: infwarerr 2010/04/08 v1.3 Providing info/warning/error messages (HO)
)
(/usr/local/texlive/2013/texmf-dist/tex/generic/oberdiek/ltxcmds.sty
Package: ltxcmds 2011/11/09 v1.22 LaTeX kernel commands for general use (HO)
)
\Gread@gobject=\count138
))
(/usr/local/texlive/2013/texmf-dist/tex/latex/wrapfig/wrapfig.sty
\wrapoverhang=\dimen147
\WF@size=\dimen148
\c@WF@wrappedlines=\count139
\WF@box=\box29
\WF@everypar=\toks22
Package: wrapfig 2003/01/31  v 3.6
)
(/usr/local/texlive/2013/texmf-dist/tex/latex/geometry/geometry.sty
Package: geometry 2010/09/12 v5.6 Page Geometry

(/usr/local/texlive/2013/texmf-dist/tex/latex/graphics/keyval.sty
Package: keyval 1999/03/16 v1.13 key=value parser (DPC)
\KV@toks@=\toks23
)
(/usr/local/texlive/2013/texmf-dist/tex/generic/oberdiek/ifvtex.sty
Package: ifvtex 2010/03/01 v1.5 Detect VTeX and its facilities (HO)
Package ifvtex Info: VTeX not detected.
)
\Gm@cnth=\count140
\Gm@cntv=\count141
\c@Gm@tempcnt=\count142
\Gm@bindingoffset=\dimen149
\Gm@wd@mp=\dimen150
\Gm@odd@mp=\dimen151
\Gm@even@mp=\dimen152
\Gm@layoutwidth=\dimen153
\Gm@layoutheight=\dimen154
\Gm@layouthoffset=\dimen155
\Gm@layoutvoffset=\dimen156
\Gm@dimlist=\toks24
)
(/Users/kashomon/Library/texmf/tex/latex/gnos/gnos.sty
\gnos@fontsize=\count143
\gnos@box=\box30
\gnos@dimen=\dimen157
\gnos@fontpt=\dimen158
\gnosIntWd=\dimen159
\gnosIntHt=\dimen160
\gnosTextAdj=\dimen161
)
\c@GoFigure=\count144
\c@GoVariation=\count145
 (./lesson.aux)
\openout1 = `lesson.aux'.

LaTeX Font Info:    Checking defaults for OML/cmm/m/it on input line 44.
LaTeX Font Info:    ... okay on input line 44.
LaTeX Font Info:    Checking defaults for T1/cmr/m/n on input line 44.
LaTeX Font Info:    ... okay on input line 44.
LaTeX Font Info:    Checking defaults for OT1/cmr/m/n on input line 44.
LaTeX Font Info:    ... okay on input line 44.
LaTeX Font Info:    Checking defaults for OMS/cmsy/m/n on input line 44.
LaTeX Font Info:    ... okay on input line 44.
LaTeX Font Info:    Checking defaults for OMX/cmex/m/n on input line 44.
LaTeX Font Info:    ... okay on input line 44.
LaTeX Font Info:    Checking defaults for U/cmr/m/n on input line 44.
LaTeX Font Info:    ... okay on input line 44.

(/usr/local/texlive/2013/texmf-dist/tex/context/base/supp-pdf.mkii
[Loading MPS to PDF converter (version 2006.09.02).]
\scratchcounter=\count146
\scratchdimen=\dimen162
\scratchbox=\box31
\nofMPsegments=\count147
\nofMParguments=\count148
\everyMPshowfont=\toks25
\MPscratchCnt=\count149
\MPscratchDim=\dimen163
\MPnumerator=\count150
\makeMPintoPDFobject=\count151
\everyMPtoPDFconversion=\toks26
)
*geometry* driver: auto-detecting
*geometry* detected driver: pdftex
*geometry* verbose mode - [ preamble ] result:
* driver: pdftex
* paper: letterpaper
* layout: <same size as paper>
* layoutoffset:(h,v)=(0.0pt,0.0pt)
* modes: twoside 
* h-part:(L,W,R)=(72.26999pt, 469.75502pt, 72.26999pt)
* v-part:(T,H,B)=(72.26999pt, 650.43001pt, 72.26999pt)
* \paperwidth=614.295pt
* \paperheight=794.96999pt
* \textwidth=469.75502pt
* \textheight=650.43001pt
* \oddsidemargin=0.0pt
* \evensidemargin=0.0pt
* \topmargin=-34.3738pt
* \headheight=14.5pt
* \headsep=19.8738pt
* \topskip=12.0pt
* \footskip=30.0pt
* \marginparwidth=102.0pt
* \marginparsep=7.0pt
* \columnsep=10.0pt
* \skip\footins=12.0pt plus 4.0pt minus 4.0pt
* \hoffset=0.0pt
* \voffset=0.0pt
* \mag=1000
* \@twocolumnfalse
* \@twosidetrue
* \@mparswitchtrue
* \@reversemarginfalse
* (1in=72.27pt=25.4mm, 1cm=28.453pt)

[1

{/Users/kashomon/Library/texlive/2013/texmf-var/fonts/map/pdftex/updmap/pdftex.
map}] (./lesson.toc
LaTeX Font Info:    External font `cmex10' loaded for size
(Font)              <12> on input line 1.
LaTeX Font Info:    External font `cmex10' loaded for size
(Font)              <8> on input line 1.
LaTeX Font Info:    External font `cmex10' loaded for size
(Font)              <6> on input line 1.
LaTeX Font Info:    External font `cmex10' loaded for size
(Font)              <14.4> on input line 2.
LaTeX Font Info:    External font `cmex10' loaded for size
(Font)              <7> on input line 2.
) [2] [3

] [4] [5

] [6

]
Overfull \hbox (2.61107pt too wide) in paragraph at lines 105--136
[][] [] 
 []

[7]
Overfull \hbox (2.61107pt too wide) in paragraph at lines 140--173
[][] [] 
 []


Overfull \hbox (2.61107pt too wide) in paragraph at lines 177--210
[][] [] 
 []

[8]
Overfull \hbox (2.61107pt too wide) in paragraph at lines 214--247
[][] [] 
 []


Overfull \hbox (2.61107pt too wide) in paragraph at lines 251--282
[][] [] 
 []

[9]
Overfull \hbox (2.61107pt too wide) in paragraph at lines 286--317
[][] [] 
 []


Overfull \hbox (2.61107pt too wide) in paragraph at lines 321--364
[][] [] 
 []

[10]
Overfull \hbox (2.61107pt too wide) in paragraph at lines 368--399
[][] [] 
 []


Overfull \hbox (2.61107pt too wide) in paragraph at lines 403--436
[][] [] 
 []

[11]
Overfull \hbox (2.61107pt too wide) in paragraph at lines 440--471
[][] [] 
 []

[12]
Underfull \hbox (badness 1137) in paragraph at lines 545--546
[]\OT1/cmr/m/n/12 Kashomon [1k]: Both Black's groups are
 []


Overfull \hbox (2.61107pt too wide) in paragraph at lines 510--551
[][] [] 
 []

[13

]
Overfull \hbox (2.61107pt too wide) in paragraph at lines 555--588
[][] [] 
 []


Underfull \hbox (badness 1303) in paragraph at lines 621--622
[]\OT1/cmr/m/n/12 Younggil [8p]: Yes, but White can play
 []


Overfull \hbox (2.61107pt too wide) in paragraph at lines 592--627
[][] [] 
 []

[14]
Overfull \hbox (2.61107pt too wide) in paragraph at lines 631--662
[][] [] 
 []


Overfull \hbox (2.61107pt too wide) in paragraph at lines 666--699
[][] [] 
 []

[15]
Overfull \hbox (2.61107pt too wide) in paragraph at lines 703--736
[][] [] 
 []


Overfull \hbox (2.61107pt too wide) in paragraph at lines 740--773
[][] [] 
 []

[16]
Overfull \hbox (2.61107pt too wide) in paragraph at lines 777--808
[][] [] 
 []


Overfull \hbox (2.61107pt too wide) in paragraph at lines 812--845
[][] [] 
 []

[17]
Overfull \hbox (2.61107pt too wide) in paragraph at lines 849--896
[][] [] 
 []


Overfull \hbox (2.61107pt too wide) in paragraph at lines 900--933
[][] [] 
 []

[18]
Overfull \hbox (2.61107pt too wide) in paragraph at lines 937--968
[][] [] 
 []


Overfull \hbox (2.61107pt too wide) in paragraph at lines 972--1006
[][] [] 
 []

[19]
Overfull \hbox (2.61107pt too wide) in paragraph at lines 1010--1041
[][] [] 
 []


Overfull \hbox (2.61107pt too wide) in paragraph at lines 1045--1076
[][] [] 
 []

[20]
Overfull \hbox (2.61107pt too wide) in paragraph at lines 1080--1116
[][] [] 
 []


Overfull \hbox (2.61107pt too wide) in paragraph at lines 1120--1153
[][] [] 
 []

[21]
Overfull \hbox (2.61107pt too wide) in paragraph at lines 1157--1188
[][] [] 
 []


Overfull \hbox (2.61107pt too wide) in paragraph at lines 1192--1223
[][] [] 
 []

[22]
Overfull \hbox (2.61107pt too wide) in paragraph at lines 1227--1260
[][] [] 
 []


Overfull \hbox (2.61107pt too wide) in paragraph at lines 1264--1310
[][] [] 
 []

[23]
Overfull \hbox (2.61107pt too wide) in paragraph at lines 1314--1348
[][] [] 
 []


Overfull \hbox (2.61107pt too wide) in paragraph at lines 1352--1385
[][] [] 
 []

[24]
Overfull \hbox (2.61107pt too wide) in paragraph at lines 1389--1422
[][] [] 
 []


Overfull \hbox (2.61107pt too wide) in paragraph at lines 1426--1458
[][] [] 
 []

[25]
Overfull \hbox (2.61107pt too wide) in paragraph at lines 1462--1498
[][] [] 
 []


Overfull \hbox (2.61107pt too wide) in paragraph at lines 1502--1538
[][] [] 
 []

[26]
Overfull \hbox (2.61107pt too wide) in paragraph at lines 1542--1577
[][] [] 
 []


Overfull \hbox (2.61107pt too wide) in paragraph at lines 1581--1614
[][] [] 
 []

[27]
Overfull \hbox (2.61107pt too wide) in paragraph at lines 1618--1651
[][] [] 
 []


Overfull \hbox (2.61107pt too wide) in paragraph at lines 1655--1699
[][] [] 
 []

[28] [29] [30

] [31] [32]
Underfull \hbox (badness 1960) in paragraph at lines 1740--1746
[]\OT1/cmr/m/n/12 Younggil [8p]: oh, that was re-ally nice
 []


Overfull \hbox (2.61107pt too wide) in paragraph at lines 1711--1749
[][] [] 
 []


Overfull \hbox (2.61107pt too wide) in paragraph at lines 1753--1788
[][] [] 
 []

[33

]
Overfull \hbox (2.61107pt too wide) in paragraph at lines 1792--1823
[][] [] 
 []


Overfull \hbox (2.61107pt too wide) in paragraph at lines 1827--1861
[][] [] 
 []

[34]
Overfull \hbox (2.61107pt too wide) in paragraph at lines 1865--1900
[][] [] 
 []


Overfull \hbox (2.61107pt too wide) in paragraph at lines 1904--1938
[][] [] 
 []

[35]
Overfull \hbox (2.61107pt too wide) in paragraph at lines 1942--1974
[][] [] 
 []


Underfull \hbox (badness 3657) in paragraph at lines 2005--2007
[]\OT1/cmr/m/n/12 Younggil [8p]: so this is also pos-si-ble
 []


Overfull \hbox (2.61107pt too wide) in paragraph at lines 1978--2010
[][] [] 
 []

[36]
Overfull \hbox (2.61107pt too wide) in paragraph at lines 2014--2046
[][] [] 
 []


Overfull \hbox (2.61107pt too wide) in paragraph at lines 2050--2082
[][] [] 
 []

[37]
Overfull \hbox (2.61107pt too wide) in paragraph at lines 2086--2117
[][] [] 
 []


Overfull \hbox (2.61107pt too wide) in paragraph at lines 2121--2153
[][] [] 
 []

[38]
Overfull \hbox (2.61107pt too wide) in paragraph at lines 2157--2190
[][] [] 
 []


Overfull \hbox (2.61107pt too wide) in paragraph at lines 2194--2228
[][] [] 
 []

[39]
Overfull \hbox (2.61107pt too wide) in paragraph at lines 2232--2265
[][] [] 
 []


Overfull \hbox (2.61107pt too wide) in paragraph at lines 2269--2309
[][] [] 
 []

[40]
Overfull \hbox (2.61107pt too wide) in paragraph at lines 2313--2346
[][] [] 
 []


Overfull \hbox (2.61107pt too wide) in paragraph at lines 2350--2382
[][] [] 
 []

[41]
Underfull \hbox (badness 1009) in paragraph at lines 2413--2419
[]\OT1/cmr/m/n/12 Kashomon [1k]: I gueess Kashomon [1k]:
 []


Underfull \hbox (badness 1859) in paragraph at lines 2413--2419
\OT1/cmr/m/n/12 White will have an eas-ier time in-vad-ing
 []


Overfull \hbox (2.61107pt too wide) in paragraph at lines 2386--2422
[][] [] 
 []


Overfull \hbox (2.61107pt too wide) in paragraph at lines 2426--2458
[][] [] 
 []

[42]
Overfull \hbox (2.61107pt too wide) in paragraph at lines 2462--2493
[][] [] 
 []


Overfull \hbox (2.61107pt too wide) in paragraph at lines 2497--2535
[][] [] 
 []

[43]
Overfull \hbox (2.61107pt too wide) in paragraph at lines 2539--2570
[][] [] 
 []


Overfull \hbox (2.61107pt too wide) in paragraph at lines 2574--2608
[][] [] 
 []

[44]
Overfull \hbox (2.61107pt too wide) in paragraph at lines 2612--2644
[][] [] 
 []


Overfull \hbox (2.61107pt too wide) in paragraph at lines 2648--2682
[][] [] 
 []

[45]
Overfull \hbox (2.61107pt too wide) in paragraph at lines 2686--2717
[][] [] 
 []


Overfull \hbox (2.61107pt too wide) in paragraph at lines 2721--2753
[][] [] 
 []

[46]
Overfull \hbox (2.61107pt too wide) in paragraph at lines 2757--2789
[][] [] 
 []


Overfull \hbox (2.61107pt too wide) in paragraph at lines 2793--2831
[][] [] 
 []

[47]
Overfull \hbox (2.61107pt too wide) in paragraph at lines 2835--2866
[][] [] 
 []


Overfull \hbox (2.61107pt too wide) in paragraph at lines 2870--2902
[][] [] 
 []

[48]
Overfull \hbox (2.61107pt too wide) in paragraph at lines 2906--2943
[][] [] 
 []


Overfull \hbox (2.61107pt too wide) in paragraph at lines 2947--2978
[][] [] 
 []

[49]
Overfull \hbox (2.61107pt too wide) in paragraph at lines 2982--3019
[][] [] 
 []


Overfull \hbox (2.61107pt too wide) in paragraph at lines 3023--3057
[][] [] 
 []

[50]
Overfull \hbox (2.61107pt too wide) in paragraph at lines 3061--3097
[][] [] 
 []


Underfull \hbox (badness 2689) in paragraph at lines 3128--3147
\OT1/cmr/m/n/12 ac-tu-ally, black should cut here to fight
 []


Underfull \hbox (badness 1389) in paragraph at lines 3128--3147
\OT1/cmr/m/n/12 al-right Young-gil [8p]: but Young-gil [8p]:
 []


Overfull \hbox (2.61107pt too wide) in paragraph at lines 3101--3150
[][] [] 
 []

[51]
Overfull \hbox (2.61107pt too wide) in paragraph at lines 3154--3185
[][] [] 
 []


Overfull \hbox (2.61107pt too wide) in paragraph at lines 3189--3222
[][] [] 
 []

[52]
Overfull \hbox (2.61107pt too wide) in paragraph at lines 3226--3258
[][] [] 
 []


Overfull \hbox (2.61107pt too wide) in paragraph at lines 3262--3295
[][] [] 
 []

[53]
Overfull \hbox (2.61107pt too wide) in paragraph at lines 3299--3330
[][] [] 
 []


Overfull \hbox (2.61107pt too wide) in paragraph at lines 3334--3366
[][] [] 
 []

[54]
Overfull \hbox (2.61107pt too wide) in paragraph at lines 3370--3402
[][] [] 
 []


Overfull \hbox (2.61107pt too wide) in paragraph at lines 3406--3441
[][] [] 
 []

[55]
Overfull \hbox (2.61107pt too wide) in paragraph at lines 3445--3481
[][] [] 
 []


Overfull \hbox (2.61107pt too wide) in paragraph at lines 3485--3517
[][] [] 
 []

[56]
Overfull \hbox (2.61107pt too wide) in paragraph at lines 3521--3552
[][] [] 
 []


Overfull \hbox (2.61107pt too wide) in paragraph at lines 3556--3588
[][] [] 
 []

[57]
Overfull \hbox (2.61107pt too wide) in paragraph at lines 3592--3654
[][] [] 
 []

[58]
Overfull \hbox (2.61107pt too wide) in paragraph at lines 3658--3694
[][] [] 
 []

[59]
Overfull \hbox (2.61107pt too wide) in paragraph at lines 3698--3731
[][] [] 
 []


Overfull \hbox (2.61107pt too wide) in paragraph at lines 3735--3768
[][] [] 
 []

[60]
Overfull \hbox (2.61107pt too wide) in paragraph at lines 3772--3805
[][] [] 
 []


Overfull \hbox (2.61107pt too wide) in paragraph at lines 3809--3844
[][] [] 
 []

[61]
Underfull \hbox (badness 1057) in paragraph at lines 3875--3878
[]\OT1/cmr/m/n/12 Kashomon [1k]: nice Young-gil [8p]: this
 []


Overfull \hbox (2.61107pt too wide) in paragraph at lines 3848--3881
[][] [] 
 []


Overfull \hbox (2.61107pt too wide) in paragraph at lines 3885--3916
[][] [] 
 []

[62]
Overfull \hbox (2.61107pt too wide) in paragraph at lines 3920--3951
[][] [] 
 []


Overfull \hbox (2.61107pt too wide) in paragraph at lines 3955--3996
[][] [] 
 []

[63]
Overfull \hbox (2.61107pt too wide) in paragraph at lines 4000--4036
[][] [] 
 []


Overfull \hbox (2.61107pt too wide) in paragraph at lines 4040--4074
[][] [] 
 []

[64]
Underfull \hbox (badness 3872) in paragraph at lines 4107--4110
[]\OT1/cmr/m/n/12 Younggil [8p]: i see, he mis-read here
 []


Overfull \hbox (2.61107pt too wide) in paragraph at lines 4078--4113
[][] [] 
 []


Overfull \hbox (2.61107pt too wide) in paragraph at lines 4117--4151
[][] [] 
 []

[65]
Overfull \hbox (2.61107pt too wide) in paragraph at lines 4155--4189
[][] [] 
 []

[66]
\tf@toc=\write4
\openout4 = `lesson.toc'.

 (./lesson.aux) ) 
Here is how much of TeX's memory you used:
 4997 strings out of 493315
 67659 string characters out of 6137904
 166150 words of memory out of 5000000
 8454 multiletter control sequences out of 15000+600000
 12021 words of font info for 48 fonts, out of 8000000 for 9000
 957 hyphenation exceptions out of 8191
 26i,11n,32p,306b,222s stack positions out of 5000i,500n,10000p,200000b,80000s
</usr/local/texlive/2013/texmf-dist/fonts/type1/public/amsfont
s/cm/cmbx10.pfb></usr/local/texlive/2013/texmf-dist/fonts/type1/public/amsfonts
/cm/cmbx12.pfb></usr/local/texlive/2013/texmf-dist/fonts/type1/public/amsfonts/
cm/cmr12.pfb></usr/local/texlive/2013/texmf-dist/fonts/type1/public/amsfonts/cm
/cmr17.pfb></usr/local/texlive/2013/texmf-dist/fonts/type1/public/amsfonts/cm/c
mss10.pfb></usr/local/texlive/2013/texmf-dist/fonts/type1/public/amsfonts/cm/cm
ti12.pfb></Users/kashomon/Library/texmf/fonts/type1/gnos/gnos.pfb></Users/kasho
mon/Library/texmf/fonts/type1/gnos/gnoswi.pfb>
Output written on lesson.pdf (66 pages, 146561 bytes).
PDF statistics:
 249 PDF objects out of 1000 (max. 8388607)
 171 compressed objects within 2 object streams
 0 named destinations out of 1000 (max. 500000)
 1 words of extra memory for PDF output out of 10000 (max. 10000000)

